SF:lib/app/app.locator.dart
DA:18,3
DA:20,0
DA:25,0
DA:29,0
DA:30,0
DA:31,0
DA:32,0
DA:33,0
DA:34,0
LF:9
LH:1
end_of_record
SF:lib/services/user_service.dart
DA:11,0
DA:12,0
DA:14,0
DA:15,0
DA:19,0
DA:35,0
DA:36,0
DA:37,0
DA:40,0
DA:46,0
LF:10
LH:0
end_of_record
SF:lib/services/forecast_service.dart
DA:11,0
DA:12,0
DA:13,0
DA:16,0
DA:19,0
DA:20,0
DA:21,0
DA:26,0
DA:28,0
DA:30,0
DA:31,0
DA:32,0
DA:33,0
DA:34,0
DA:35,0
DA:38,0
DA:41,0
LF:17
LH:0
end_of_record
SF:lib/services/location_service.dart
DA:9,0
DA:14,0
DA:19,0
DA:22,0
DA:23,0
DA:24,0
DA:25,0
DA:31,0
DA:35,0
DA:37,0
DA:43,0
LF:11
LH:0
end_of_record
SF:lib/models/forecast_day.dart
DA:9,0
DA:15,0
DA:17,0
DA:19,0
DA:21,0
DA:23,0
DA:25,0
DA:27,0
DA:30,0
DA:31,0
DA:32,0
DA:33,0
DA:34,0
DA:35,0
DA:39,0
DA:40,0
DA:41,0
LF:17
LH:0
end_of_record
SF:lib/models/user.dart
DA:16,0
DA:27,0
DA:29,0
DA:30,0
DA:31,0
DA:37,0
DA:39,0
DA:42,0
DA:43,0
DA:44,0
DA:45,0
DA:46,0
DA:47,0
DA:48,0
DA:49,0
DA:50,0
DA:51,0
DA:57,0
LF:18
LH:0
end_of_record
SF:lib/app/app.dialogs.dart
DA:16,0
DA:17,0
DA:19,0
DA:20,0
DA:21,0
DA:24,0
LF:6
LH:0
end_of_record
SF:lib/ui/views/home/home_viewmodel.dart
DA:32,0
DA:39,1
DA:40,1
DA:41,1
DA:44,1
DA:45,3
DA:46,2
DA:47,2
DA:50,1
DA:51,1
DA:52,1
DA:53,2
DA:54,2
DA:55,1
DA:58,0
DA:62,0
DA:63,0
DA:64,0
DA:65,0
DA:66,0
DA:69,1
DA:70,3
DA:71,1
DA:74,1
DA:76,1
DA:77,1
DA:78,1
DA:81,4
DA:83,0
DA:85,2
DA:86,1
DA:88,1
DA:89,1
DA:92,0
DA:93,0
DA:97,0
DA:98,0
DA:101,1
DA:102,2
DA:108,1
DA:109,0
DA:113,0
DA:116,0
DA:118,0
DA:121,0
DA:122,0
DA:123,0
DA:124,0
LF:48
LH:28
end_of_record
SF:lib/app/app.bottomsheets.dart
DA:16,0
DA:17,0
DA:19,0
DA:20,0
DA:21,0
DA:24,0
LF:6
LH:0
end_of_record
SF:lib/ui/bottom_sheets/notice/notice_sheet.dart
DA:12,0
DA:16,0
DA:18,0
DA:24,0
DA:33,0
DA:36,0
DA:37,0
DA:38,0
DA:42,0
DA:43,0
DA:54,0
DA:55,0
LF:12
LH:0
end_of_record
SF:lib/ui/dialogs/logout/logout_dialog.dart
DA:16,0
DA:20,0
DA:22,0
DA:28,0
DA:29,0
DA:31,0
DA:33,0
DA:35,0
DA:36,0
DA:38,0
DA:39,0
DA:40,0
DA:43,0
DA:44,0
DA:45,0
DA:52,0
DA:53,0
DA:64,0
DA:74,0
DA:84,0
DA:87,0
DA:88,0
DA:89,0
DA:92,0
DA:96,0
DA:98,0
DA:100,0
DA:101,0
DA:111,0
DA:112,0
DA:115,0
DA:119,0
DA:121,0
DA:123,0
DA:124,0
DA:140,0
DA:142,0
LF:37
LH:0
end_of_record
SF:lib/app/app.router.dart
DA:67,0
DA:68,0
DA:70,0
DA:71,0
DA:75,0
DA:82,0
DA:89,0
DA:96,0
DA:103,0
DA:110,0
DA:117,0
DA:124,0
DA:131,0
DA:138,0
DA:145,0
DA:152,0
LF:16
LH:0
end_of_record
SF:lib/ui/views/home/home_view.dart
DA:12,1
DA:14,0
DA:20,0
DA:22,0
DA:23,0
DA:26,0
DA:27,0
DA:28,0
DA:29,0
DA:35,0
DA:36,0
DA:38,0
DA:47,0
DA:48,0
DA:49,0
DA:59,0
DA:61,0
DA:62,0
DA:69,0
DA:70,0
DA:77,0
DA:81,0
DA:82,0
DA:84,0
DA:85,0
DA:86,0
DA:88,0
DA:97,0
DA:101,0
DA:102,0
DA:114,0
DA:115,0
DA:116,0
DA:119,0
DA:127,0
DA:128,0
DA:129,0
DA:132,0
DA:144,0
DA:145,0
DA:146,0
DA:147,0
DA:148,0
DA:150,0
DA:151,0
DA:152,0
DA:153,0
DA:156,0
DA:157,0
DA:165,0
DA:168,0
DA:169,0
DA:177,0
DA:178,0
DA:186,0
DA:190,0
DA:192,0
DA:195,0
DA:196,0
DA:197,0
DA:198,0
DA:214,0
DA:215,0
DA:216,0
DA:226,0
DA:227,0
DA:240,0
DA:244,0
LF:68
LH:1
end_of_record
SF:lib/ui/views/login/login_view.dart
DA:12,1
DA:14,0
DA:20,0
DA:22,0
DA:23,0
DA:24,0
DA:25,0
DA:27,0
DA:33,0
DA:34,0
DA:35,0
DA:36,0
DA:38,0
DA:45,0
DA:46,0
DA:47,0
DA:54,0
DA:55,0
DA:59,0
DA:60,0
DA:62,0
DA:63,0
DA:64,0
DA:70,0
DA:71,0
DA:73,0
DA:74,0
DA:75,0
DA:84,0
DA:85,0
DA:90,0
DA:92,0
DA:93,0
DA:111,0
DA:112,0
DA:137,0
DA:141,0
LF:37
LH:1
end_of_record
SF:lib/ui/views/startup/startup_view.dart
DA:11,1
DA:13,0
DA:52,0
DA:56,0
DA:58,0
DA:59,0
DA:60,0
LF:7
LH:1
end_of_record
SF:lib/extensions/string.dart
DA:2,0
DA:3,0
LF:2
LH:0
end_of_record
SF:lib/models/bearer.dart
DA:9,0
DA:16,0
DA:18,0
DA:21,0
DA:22,0
DA:23,0
DA:24,0
DA:25,0
DA:26,0
DA:33,0
DA:36,0
LF:11
LH:0
end_of_record
SF:lib/ui/common/ui_helpers.dart
DA:22,0
DA:30,0
DA:32,0
DA:33,0
DA:35,0
DA:37,0
DA:39,0
DA:41,0
DA:43,0
DA:44,0
DA:46,0
DA:47,0
DA:49,0
DA:50,0
DA:52,0
DA:53,0
DA:54,0
DA:55,0
DA:57,0
DA:58,0
DA:60,0
DA:61,0
DA:63,0
DA:64,0
DA:66,0
DA:67,0
DA:69,0
DA:73,0
DA:74,0
LF:29
LH:0
end_of_record
SF:lib/ui/forms/field/field.dart
DA:21,0
DA:34,0
DA:36,0
DA:37,0
DA:44,0
DA:46,0
DA:47,0
DA:48,0
DA:49,0
DA:50,0
DA:53,0
DA:55,0
DA:58,0
DA:60,0
DA:61,0
DA:63,0
DA:64,0
DA:66,0
DA:67,0
DA:70,0
DA:71,0
DA:81,0
DA:82,0
DA:84,0
DA:85,0
DA:86,0
DA:88,0
DA:90,0
DA:91,0
DA:118,0
DA:119,0
DA:126,0
DA:127,0
DA:128,0
DA:132,0
DA:133,0
DA:139,0
DA:146,0
DA:147,0
DA:150,0
DA:151,0
DA:160,0
DA:161,0
DA:163,0
DA:164,0
DA:175,0
DA:176,0
DA:177,0
LF:48
LH:0
end_of_record
SF:lib/ui/forms/warning/warning.dart
DA:9,1
DA:13,0
DA:15,0
DA:16,0
DA:22,0
DA:24,0
DA:28,0
DA:30,0
DA:31,0
DA:32,0
DA:33,0
DA:35,0
DA:36,0
DA:41,0
DA:42,0
DA:43,0
LF:16
LH:1
end_of_record
SF:lib/ui/views/login/login_viewmodel.dart
DA:23,0
DA:24,0
DA:26,0
DA:27,0
DA:28,0
DA:31,0
DA:36,0
DA:40,0
DA:44,0
DA:46,0
DA:47,0
DA:48,0
DA:50,0
DA:51,0
DA:53,0
DA:54,0
DA:58,0
DA:60,0
DA:64,0
DA:68,0
DA:75,0
DA:76,0
LF:22
LH:0
end_of_record
SF:lib/ui/views/startup/startup_viewmodel.dart
DA:10,0
DA:11,0
DA:13,0
DA:16,0
DA:18,0
LF:5
LH:0
end_of_record
